CRITICAL - 2022-03-01 19:17:47 --> Undefined index: id
#0 C:\xampp\htdocs\app_cafe_ambar\app\Views\menu.php(39): CodeIgniter\Debug\Exceptions->errorHandler(8, 'Undefined index...', 'C:\\xampp\\htdocs...', 39, Array)
#1 C:\xampp\htdocs\app_cafe_ambar\system\View\View.php(210): include('C:\\xampp\\htdocs...')
#2 C:\xampp\htdocs\app_cafe_ambar\system\View\View.php(213): CodeIgniter\View\View->CodeIgniter\View\{closure}()
#3 C:\xampp\htdocs\app_cafe_ambar\system\Common.php(1089): CodeIgniter\View\View->render('menu', Array, true)
#4 C:\xampp\htdocs\app_cafe_ambar\app\Controllers\MenuController.php(26): view('menu', Array)
#5 C:\xampp\htdocs\app_cafe_ambar\system\CodeIgniter.php(825): App\Controllers\MenuController->tampil()
#6 C:\xampp\htdocs\app_cafe_ambar\system\CodeIgniter.php(412): CodeIgniter\CodeIgniter->runController(Object(App\Controllers\MenuController))
#7 C:\xampp\htdocs\app_cafe_ambar\system\CodeIgniter.php(320): CodeIgniter\CodeIgniter->handleRequest(NULL, Object(Config\Cache), false)
#8 C:\xampp\htdocs\app_cafe_ambar\public\index.php(37): CodeIgniter\CodeIgniter->run()
#9 C:\xampp\htdocs\app_cafe_ambar\system\Commands\Server\rewrite.php(43): require_once('C:\\xampp\\htdocs...')
#10 {main}
ERROR - 2022-03-01 19:18:17 --> Unknown column 'id' in 'field list'
CRITICAL - 2022-03-01 19:18:17 --> Unknown column 'id' in 'field list'
#0 C:\xampp\htdocs\app_cafe_ambar\system\Database\MySQLi\Connection.php(292): mysqli->query('SELECT `id`, `n...', 0)
#1 C:\xampp\htdocs\app_cafe_ambar\system\Database\BaseConnection.php(670): CodeIgniter\Database\MySQLi\Connection->execute('SELECT `id`, `n...')
#2 C:\xampp\htdocs\app_cafe_ambar\system\Database\BaseConnection.php(598): CodeIgniter\Database\BaseConnection->simpleQuery('SELECT `id`, `n...')
#3 C:\xampp\htdocs\app_cafe_ambar\system\Database\BaseBuilder.php(1455): CodeIgniter\Database\BaseConnection->query('SELECT `id`, `n...', Array, false)
#4 C:\xampp\htdocs\app_cafe_ambar\system\Model.php(183): CodeIgniter\Database\BaseBuilder->get()
#5 C:\xampp\htdocs\app_cafe_ambar\system\BaseModel.php(584): CodeIgniter\Model->doFindAll(0, 0)
#6 C:\xampp\htdocs\app_cafe_ambar\app\Controllers\pesanController.php(31): CodeIgniter\BaseModel->findAll()
#7 C:\xampp\htdocs\app_cafe_ambar\system\CodeIgniter.php(825): App\Controllers\PesanController->index()
#8 C:\xampp\htdocs\app_cafe_ambar\system\CodeIgniter.php(412): CodeIgniter\CodeIgniter->runController(Object(App\Controllers\PesanController))
#9 C:\xampp\htdocs\app_cafe_ambar\system\CodeIgniter.php(320): CodeIgniter\CodeIgniter->handleRequest(NULL, Object(Config\Cache), false)
#10 C:\xampp\htdocs\app_cafe_ambar\public\index.php(37): CodeIgniter\CodeIgniter->run()
#11 C:\xampp\htdocs\app_cafe_ambar\system\Commands\Server\rewrite.php(43): require_once('C:\\xampp\\htdocs...')
#12 {main}
CRITICAL - 2022-03-01 19:23:37 --> Undefined index: id
#0 C:\xampp\htdocs\app_cafe_ambar\app\Views\menu.php(39): CodeIgniter\Debug\Exceptions->errorHandler(8, 'Undefined index...', 'C:\\xampp\\htdocs...', 39, Array)
#1 C:\xampp\htdocs\app_cafe_ambar\system\View\View.php(210): include('C:\\xampp\\htdocs...')
#2 C:\xampp\htdocs\app_cafe_ambar\system\View\View.php(213): CodeIgniter\View\View->CodeIgniter\View\{closure}()
#3 C:\xampp\htdocs\app_cafe_ambar\system\Common.php(1089): CodeIgniter\View\View->render('menu', Array, true)
#4 C:\xampp\htdocs\app_cafe_ambar\app\Controllers\MenuController.php(26): view('menu', Array)
#5 C:\xampp\htdocs\app_cafe_ambar\system\CodeIgniter.php(825): App\Controllers\MenuController->tampil()
#6 C:\xampp\htdocs\app_cafe_ambar\system\CodeIgniter.php(412): CodeIgniter\CodeIgniter->runController(Object(App\Controllers\MenuController))
#7 C:\xampp\htdocs\app_cafe_ambar\system\CodeIgniter.php(320): CodeIgniter\CodeIgniter->handleRequest(NULL, Object(Config\Cache), false)
#8 C:\xampp\htdocs\app_cafe_ambar\public\index.php(37): CodeIgniter\CodeIgniter->run()
#9 C:\xampp\htdocs\app_cafe_ambar\system\Commands\Server\rewrite.php(43): require_once('C:\\xampp\\htdocs...')
#10 {main}
CRITICAL - 2022-03-01 19:25:59 --> Undefined index: id
#0 C:\xampp\htdocs\app_cafe_ambar\app\Views\menu.php(43): CodeIgniter\Debug\Exceptions->errorHandler(8, 'Undefined index...', 'C:\\xampp\\htdocs...', 43, Array)
#1 C:\xampp\htdocs\app_cafe_ambar\system\View\View.php(210): include('C:\\xampp\\htdocs...')
#2 C:\xampp\htdocs\app_cafe_ambar\system\View\View.php(213): CodeIgniter\View\View->CodeIgniter\View\{closure}()
#3 C:\xampp\htdocs\app_cafe_ambar\system\Common.php(1089): CodeIgniter\View\View->render('menu', Array, true)
#4 C:\xampp\htdocs\app_cafe_ambar\app\Controllers\MenuController.php(26): view('menu', Array)
#5 C:\xampp\htdocs\app_cafe_ambar\system\CodeIgniter.php(825): App\Controllers\MenuController->tampil()
#6 C:\xampp\htdocs\app_cafe_ambar\system\CodeIgniter.php(412): CodeIgniter\CodeIgniter->runController(Object(App\Controllers\MenuController))
#7 C:\xampp\htdocs\app_cafe_ambar\system\CodeIgniter.php(320): CodeIgniter\CodeIgniter->handleRequest(NULL, Object(Config\Cache), false)
#8 C:\xampp\htdocs\app_cafe_ambar\public\index.php(37): CodeIgniter\CodeIgniter->run()
#9 C:\xampp\htdocs\app_cafe_ambar\system\Commands\Server\rewrite.php(43): require_once('C:\\xampp\\htdocs...')
#10 {main}
CRITICAL - 2022-03-01 19:26:01 --> Undefined index: id
#0 C:\xampp\htdocs\app_cafe_ambar\app\Views\menu.php(43): CodeIgniter\Debug\Exceptions->errorHandler(8, 'Undefined index...', 'C:\\xampp\\htdocs...', 43, Array)
#1 C:\xampp\htdocs\app_cafe_ambar\system\View\View.php(210): include('C:\\xampp\\htdocs...')
#2 C:\xampp\htdocs\app_cafe_ambar\system\View\View.php(213): CodeIgniter\View\View->CodeIgniter\View\{closure}()
#3 C:\xampp\htdocs\app_cafe_ambar\system\Common.php(1089): CodeIgniter\View\View->render('menu', Array, true)
#4 C:\xampp\htdocs\app_cafe_ambar\app\Controllers\MenuController.php(26): view('menu', Array)
#5 C:\xampp\htdocs\app_cafe_ambar\system\CodeIgniter.php(825): App\Controllers\MenuController->tampil()
#6 C:\xampp\htdocs\app_cafe_ambar\system\CodeIgniter.php(412): CodeIgniter\CodeIgniter->runController(Object(App\Controllers\MenuController))
#7 C:\xampp\htdocs\app_cafe_ambar\system\CodeIgniter.php(320): CodeIgniter\CodeIgniter->handleRequest(NULL, Object(Config\Cache), false)
#8 C:\xampp\htdocs\app_cafe_ambar\public\index.php(37): CodeIgniter\CodeIgniter->run()
#9 C:\xampp\htdocs\app_cafe_ambar\system\Commands\Server\rewrite.php(43): require_once('C:\\xampp\\htdocs...')
#10 {main}
CRITICAL - 2022-03-01 19:26:08 --> Undefined index: id
#0 C:\xampp\htdocs\app_cafe_ambar\app\Views\menu.php(43): CodeIgniter\Debug\Exceptions->errorHandler(8, 'Undefined index...', 'C:\\xampp\\htdocs...', 43, Array)
#1 C:\xampp\htdocs\app_cafe_ambar\system\View\View.php(210): include('C:\\xampp\\htdocs...')
#2 C:\xampp\htdocs\app_cafe_ambar\system\View\View.php(213): CodeIgniter\View\View->CodeIgniter\View\{closure}()
#3 C:\xampp\htdocs\app_cafe_ambar\system\Common.php(1089): CodeIgniter\View\View->render('menu', Array, true)
#4 C:\xampp\htdocs\app_cafe_ambar\app\Controllers\MenuController.php(26): view('menu', Array)
#5 C:\xampp\htdocs\app_cafe_ambar\system\CodeIgniter.php(825): App\Controllers\MenuController->tampil()
#6 C:\xampp\htdocs\app_cafe_ambar\system\CodeIgniter.php(412): CodeIgniter\CodeIgniter->runController(Object(App\Controllers\MenuController))
#7 C:\xampp\htdocs\app_cafe_ambar\system\CodeIgniter.php(320): CodeIgniter\CodeIgniter->handleRequest(NULL, Object(Config\Cache), false)
#8 C:\xampp\htdocs\app_cafe_ambar\public\index.php(37): CodeIgniter\CodeIgniter->run()
#9 C:\xampp\htdocs\app_cafe_ambar\system\Commands\Server\rewrite.php(43): require_once('C:\\xampp\\htdocs...')
#10 {main}
CRITICAL - 2022-03-01 19:30:20 --> Undefined index: id
#0 C:\xampp\htdocs\app_cafe_ambar\app\Views\menu.php(43): CodeIgniter\Debug\Exceptions->errorHandler(8, 'Undefined index...', 'C:\\xampp\\htdocs...', 43, Array)
#1 C:\xampp\htdocs\app_cafe_ambar\system\View\View.php(210): include('C:\\xampp\\htdocs...')
#2 C:\xampp\htdocs\app_cafe_ambar\system\View\View.php(213): CodeIgniter\View\View->CodeIgniter\View\{closure}()
#3 C:\xampp\htdocs\app_cafe_ambar\system\Common.php(1089): CodeIgniter\View\View->render('menu', Array, true)
#4 C:\xampp\htdocs\app_cafe_ambar\app\Controllers\MenuController.php(26): view('menu', Array)
#5 C:\xampp\htdocs\app_cafe_ambar\system\CodeIgniter.php(825): App\Controllers\MenuController->tampil()
#6 C:\xampp\htdocs\app_cafe_ambar\system\CodeIgniter.php(412): CodeIgniter\CodeIgniter->runController(Object(App\Controllers\MenuController))
#7 C:\xampp\htdocs\app_cafe_ambar\system\CodeIgniter.php(320): CodeIgniter\CodeIgniter->handleRequest(NULL, Object(Config\Cache), false)
#8 C:\xampp\htdocs\app_cafe_ambar\public\index.php(37): CodeIgniter\CodeIgniter->run()
#9 C:\xampp\htdocs\app_cafe_ambar\system\Commands\Server\rewrite.php(43): require_once('C:\\xampp\\htdocs...')
#10 {main}
CRITICAL - 2022-03-01 19:32:27 --> Undefined index: id
#0 C:\xampp\htdocs\app_cafe_ambar\app\Views\menu.php(43): CodeIgniter\Debug\Exceptions->errorHandler(8, 'Undefined index...', 'C:\\xampp\\htdocs...', 43, Array)
#1 C:\xampp\htdocs\app_cafe_ambar\system\View\View.php(210): include('C:\\xampp\\htdocs...')
#2 C:\xampp\htdocs\app_cafe_ambar\system\View\View.php(213): CodeIgniter\View\View->CodeIgniter\View\{closure}()
#3 C:\xampp\htdocs\app_cafe_ambar\system\Common.php(1089): CodeIgniter\View\View->render('menu', Array, true)
#4 C:\xampp\htdocs\app_cafe_ambar\app\Controllers\MenuController.php(26): view('menu', Array)
#5 C:\xampp\htdocs\app_cafe_ambar\system\CodeIgniter.php(825): App\Controllers\MenuController->tampil()
#6 C:\xampp\htdocs\app_cafe_ambar\system\CodeIgniter.php(412): CodeIgniter\CodeIgniter->runController(Object(App\Controllers\MenuController))
#7 C:\xampp\htdocs\app_cafe_ambar\system\CodeIgniter.php(320): CodeIgniter\CodeIgniter->handleRequest(NULL, Object(Config\Cache), false)
#8 C:\xampp\htdocs\app_cafe_ambar\public\index.php(37): CodeIgniter\CodeIgniter->run()
#9 C:\xampp\htdocs\app_cafe_ambar\system\Commands\Server\rewrite.php(43): require_once('C:\\xampp\\htdocs...')
#10 {main}
CRITICAL - 2022-03-01 19:34:03 --> Undefined index: id
#0 C:\xampp\htdocs\app_cafe_ambar\app\Views\menu.php(43): CodeIgniter\Debug\Exceptions->errorHandler(8, 'Undefined index...', 'C:\\xampp\\htdocs...', 43, Array)
#1 C:\xampp\htdocs\app_cafe_ambar\system\View\View.php(210): include('C:\\xampp\\htdocs...')
#2 C:\xampp\htdocs\app_cafe_ambar\system\View\View.php(213): CodeIgniter\View\View->CodeIgniter\View\{closure}()
#3 C:\xampp\htdocs\app_cafe_ambar\system\Common.php(1089): CodeIgniter\View\View->render('menu', Array, true)
#4 C:\xampp\htdocs\app_cafe_ambar\app\Controllers\MenuController.php(26): view('menu', Array)
#5 C:\xampp\htdocs\app_cafe_ambar\system\CodeIgniter.php(825): App\Controllers\MenuController->tampil()
#6 C:\xampp\htdocs\app_cafe_ambar\system\CodeIgniter.php(412): CodeIgniter\CodeIgniter->runController(Object(App\Controllers\MenuController))
#7 C:\xampp\htdocs\app_cafe_ambar\system\CodeIgniter.php(320): CodeIgniter\CodeIgniter->handleRequest(NULL, Object(Config\Cache), false)
#8 C:\xampp\htdocs\app_cafe_ambar\public\index.php(37): CodeIgniter\CodeIgniter->run()
#9 C:\xampp\htdocs\app_cafe_ambar\system\Commands\Server\rewrite.php(43): require_once('C:\\xampp\\htdocs...')
#10 {main}
CRITICAL - 2022-03-01 19:34:04 --> Undefined index: id
#0 C:\xampp\htdocs\app_cafe_ambar\app\Views\menu.php(43): CodeIgniter\Debug\Exceptions->errorHandler(8, 'Undefined index...', 'C:\\xampp\\htdocs...', 43, Array)
#1 C:\xampp\htdocs\app_cafe_ambar\system\View\View.php(210): include('C:\\xampp\\htdocs...')
#2 C:\xampp\htdocs\app_cafe_ambar\system\View\View.php(213): CodeIgniter\View\View->CodeIgniter\View\{closure}()
#3 C:\xampp\htdocs\app_cafe_ambar\system\Common.php(1089): CodeIgniter\View\View->render('menu', Array, true)
#4 C:\xampp\htdocs\app_cafe_ambar\app\Controllers\MenuController.php(26): view('menu', Array)
#5 C:\xampp\htdocs\app_cafe_ambar\system\CodeIgniter.php(825): App\Controllers\MenuController->tampil()
#6 C:\xampp\htdocs\app_cafe_ambar\system\CodeIgniter.php(412): CodeIgniter\CodeIgniter->runController(Object(App\Controllers\MenuController))
#7 C:\xampp\htdocs\app_cafe_ambar\system\CodeIgniter.php(320): CodeIgniter\CodeIgniter->handleRequest(NULL, Object(Config\Cache), false)
#8 C:\xampp\htdocs\app_cafe_ambar\public\index.php(37): CodeIgniter\CodeIgniter->run()
#9 C:\xampp\htdocs\app_cafe_ambar\system\Commands\Server\rewrite.php(43): require_once('C:\\xampp\\htdocs...')
#10 {main}
CRITICAL - 2022-03-01 19:39:43 --> Undefined index: id
#0 C:\xampp\htdocs\app_cafe_ambar\app\Views\menu.php(43): CodeIgniter\Debug\Exceptions->errorHandler(8, 'Undefined index...', 'C:\\xampp\\htdocs...', 43, Array)
#1 C:\xampp\htdocs\app_cafe_ambar\system\View\View.php(210): include('C:\\xampp\\htdocs...')
#2 C:\xampp\htdocs\app_cafe_ambar\system\View\View.php(213): CodeIgniter\View\View->CodeIgniter\View\{closure}()
#3 C:\xampp\htdocs\app_cafe_ambar\system\Common.php(1089): CodeIgniter\View\View->render('menu', Array, true)
#4 C:\xampp\htdocs\app_cafe_ambar\app\Controllers\MenuController.php(26): view('menu', Array)
#5 C:\xampp\htdocs\app_cafe_ambar\system\CodeIgniter.php(825): App\Controllers\MenuController->tampil()
#6 C:\xampp\htdocs\app_cafe_ambar\system\CodeIgniter.php(412): CodeIgniter\CodeIgniter->runController(Object(App\Controllers\MenuController))
#7 C:\xampp\htdocs\app_cafe_ambar\system\CodeIgniter.php(320): CodeIgniter\CodeIgniter->handleRequest(NULL, Object(Config\Cache), false)
#8 C:\xampp\htdocs\app_cafe_ambar\public\index.php(37): CodeIgniter\CodeIgniter->run()
#9 C:\xampp\htdocs\app_cafe_ambar\system\Commands\Server\rewrite.php(43): require_once('C:\\xampp\\htdocs...')
#10 {main}
CRITICAL - 2022-03-01 19:40:10 --> Undefined index: id
#0 C:\xampp\htdocs\app_cafe_ambar\app\Views\menu.php(43): CodeIgniter\Debug\Exceptions->errorHandler(8, 'Undefined index...', 'C:\\xampp\\htdocs...', 43, Array)
#1 C:\xampp\htdocs\app_cafe_ambar\system\View\View.php(210): include('C:\\xampp\\htdocs...')
#2 C:\xampp\htdocs\app_cafe_ambar\system\View\View.php(213): CodeIgniter\View\View->CodeIgniter\View\{closure}()
#3 C:\xampp\htdocs\app_cafe_ambar\system\Common.php(1089): CodeIgniter\View\View->render('menu', Array, true)
#4 C:\xampp\htdocs\app_cafe_ambar\app\Controllers\MenuController.php(26): view('menu', Array)
#5 C:\xampp\htdocs\app_cafe_ambar\system\CodeIgniter.php(825): App\Controllers\MenuController->tampil()
#6 C:\xampp\htdocs\app_cafe_ambar\system\CodeIgniter.php(412): CodeIgniter\CodeIgniter->runController(Object(App\Controllers\MenuController))
#7 C:\xampp\htdocs\app_cafe_ambar\system\CodeIgniter.php(320): CodeIgniter\CodeIgniter->handleRequest(NULL, Object(Config\Cache), false)
#8 C:\xampp\htdocs\app_cafe_ambar\public\index.php(37): CodeIgniter\CodeIgniter->run()
#9 C:\xampp\htdocs\app_cafe_ambar\system\Commands\Server\rewrite.php(43): require_once('C:\\xampp\\htdocs...')
#10 {main}
CRITICAL - 2022-03-01 19:45:20 --> Undefined index: id
#0 C:\xampp\htdocs\app_cafe_ambar\app\Views\menu.php(53): CodeIgniter\Debug\Exceptions->errorHandler(8, 'Undefined index...', 'C:\\xampp\\htdocs...', 53, Array)
#1 C:\xampp\htdocs\app_cafe_ambar\system\View\View.php(210): include('C:\\xampp\\htdocs...')
#2 C:\xampp\htdocs\app_cafe_ambar\system\View\View.php(213): CodeIgniter\View\View->CodeIgniter\View\{closure}()
#3 C:\xampp\htdocs\app_cafe_ambar\system\Common.php(1089): CodeIgniter\View\View->render('menu', Array, true)
#4 C:\xampp\htdocs\app_cafe_ambar\app\Controllers\MenuController.php(26): view('menu', Array)
#5 C:\xampp\htdocs\app_cafe_ambar\system\CodeIgniter.php(825): App\Controllers\MenuController->tampil()
#6 C:\xampp\htdocs\app_cafe_ambar\system\CodeIgniter.php(412): CodeIgniter\CodeIgniter->runController(Object(App\Controllers\MenuController))
#7 C:\xampp\htdocs\app_cafe_ambar\system\CodeIgniter.php(320): CodeIgniter\CodeIgniter->handleRequest(NULL, Object(Config\Cache), false)
#8 C:\xampp\htdocs\app_cafe_ambar\public\index.php(37): CodeIgniter\CodeIgniter->run()
#9 C:\xampp\htdocs\app_cafe_ambar\system\Commands\Server\rewrite.php(43): require_once('C:\\xampp\\htdocs...')
#10 {main}
CRITICAL - 2022-03-01 19:47:31 --> Invalid file: layouts/admin.php
#0 C:\xampp\htdocs\app_cafe_ambar\system\View\View.php(198): CodeIgniter\Exceptions\FrameworkException::forInvalidFile('layouts/admin.p...')
#1 C:\xampp\htdocs\app_cafe_ambar\system\View\View.php(226): CodeIgniter\View\View->render('layouts/admin', Array, true)
#2 C:\xampp\htdocs\app_cafe_ambar\system\Common.php(1089): CodeIgniter\View\View->render('menu', Array, true)
#3 C:\xampp\htdocs\app_cafe_ambar\app\Controllers\MenuController.php(26): view('menu', Array)
#4 C:\xampp\htdocs\app_cafe_ambar\system\CodeIgniter.php(825): App\Controllers\MenuController->tampil()
#5 C:\xampp\htdocs\app_cafe_ambar\system\CodeIgniter.php(412): CodeIgniter\CodeIgniter->runController(Object(App\Controllers\MenuController))
#6 C:\xampp\htdocs\app_cafe_ambar\system\CodeIgniter.php(320): CodeIgniter\CodeIgniter->handleRequest(NULL, Object(Config\Cache), false)
#7 C:\xampp\htdocs\app_cafe_ambar\public\index.php(37): CodeIgniter\CodeIgniter->run()
#8 C:\xampp\htdocs\app_cafe_ambar\system\Commands\Server\rewrite.php(43): require_once('C:\\xampp\\htdocs...')
#9 {main}
CRITICAL - 2022-03-01 19:49:26 --> Invalid file: layouts/admin.php
#0 C:\xampp\htdocs\app_cafe_ambar\system\View\View.php(198): CodeIgniter\Exceptions\FrameworkException::forInvalidFile('layouts/admin.p...')
#1 C:\xampp\htdocs\app_cafe_ambar\system\View\View.php(226): CodeIgniter\View\View->render('layouts/admin', Array, true)
#2 C:\xampp\htdocs\app_cafe_ambar\system\Common.php(1089): CodeIgniter\View\View->render('menu', Array, true)
#3 C:\xampp\htdocs\app_cafe_ambar\app\Controllers\MenuController.php(26): view('menu', Array)
#4 C:\xampp\htdocs\app_cafe_ambar\system\CodeIgniter.php(825): App\Controllers\MenuController->tampil()
#5 C:\xampp\htdocs\app_cafe_ambar\system\CodeIgniter.php(412): CodeIgniter\CodeIgniter->runController(Object(App\Controllers\MenuController))
#6 C:\xampp\htdocs\app_cafe_ambar\system\CodeIgniter.php(320): CodeIgniter\CodeIgniter->handleRequest(NULL, Object(Config\Cache), false)
#7 C:\xampp\htdocs\app_cafe_ambar\public\index.php(37): CodeIgniter\CodeIgniter->run()
#8 C:\xampp\htdocs\app_cafe_ambar\system\Commands\Server\rewrite.php(43): require_once('C:\\xampp\\htdocs...')
#9 {main}
CRITICAL - 2022-03-01 19:49:28 --> Invalid file: layouts/admin.php
#0 C:\xampp\htdocs\app_cafe_ambar\system\View\View.php(198): CodeIgniter\Exceptions\FrameworkException::forInvalidFile('layouts/admin.p...')
#1 C:\xampp\htdocs\app_cafe_ambar\system\View\View.php(226): CodeIgniter\View\View->render('layouts/admin', Array, true)
#2 C:\xampp\htdocs\app_cafe_ambar\system\Common.php(1089): CodeIgniter\View\View->render('menu', Array, true)
#3 C:\xampp\htdocs\app_cafe_ambar\app\Controllers\MenuController.php(26): view('menu', Array)
#4 C:\xampp\htdocs\app_cafe_ambar\system\CodeIgniter.php(825): App\Controllers\MenuController->tampil()
#5 C:\xampp\htdocs\app_cafe_ambar\system\CodeIgniter.php(412): CodeIgniter\CodeIgniter->runController(Object(App\Controllers\MenuController))
#6 C:\xampp\htdocs\app_cafe_ambar\system\CodeIgniter.php(320): CodeIgniter\CodeIgniter->handleRequest(NULL, Object(Config\Cache), false)
#7 C:\xampp\htdocs\app_cafe_ambar\public\index.php(37): CodeIgniter\CodeIgniter->run()
#8 C:\xampp\htdocs\app_cafe_ambar\system\Commands\Server\rewrite.php(43): require_once('C:\\xampp\\htdocs...')
#9 {main}
CRITICAL - 2022-03-01 19:50:00 --> Invalid file: layouts/component/sidebar.php
#0 C:\xampp\htdocs\app_cafe_ambar\system\View\View.php(198): CodeIgniter\Exceptions\FrameworkException::forInvalidFile('layouts/compone...')
#1 C:\xampp\htdocs\app_cafe_ambar\system\View\View.php(424): CodeIgniter\View\View->render('layouts/compone...', NULL, true)
#2 C:\xampp\htdocs\app_cafe_ambar\app\Views\layout\admin.php(30): CodeIgniter\View\View->include('layouts/compone...')
#3 C:\xampp\htdocs\app_cafe_ambar\system\View\View.php(210): include('C:\\xampp\\htdocs...')
#4 C:\xampp\htdocs\app_cafe_ambar\system\View\View.php(213): CodeIgniter\View\View->CodeIgniter\View\{closure}()
#5 C:\xampp\htdocs\app_cafe_ambar\system\View\View.php(226): CodeIgniter\View\View->render('layout/admin', Array, true)
#6 C:\xampp\htdocs\app_cafe_ambar\system\Common.php(1089): CodeIgniter\View\View->render('menu', Array, true)
#7 C:\xampp\htdocs\app_cafe_ambar\app\Controllers\MenuController.php(26): view('menu', Array)
#8 C:\xampp\htdocs\app_cafe_ambar\system\CodeIgniter.php(825): App\Controllers\MenuController->tampil()
#9 C:\xampp\htdocs\app_cafe_ambar\system\CodeIgniter.php(412): CodeIgniter\CodeIgniter->runController(Object(App\Controllers\MenuController))
#10 C:\xampp\htdocs\app_cafe_ambar\system\CodeIgniter.php(320): CodeIgniter\CodeIgniter->handleRequest(NULL, Object(Config\Cache), false)
#11 C:\xampp\htdocs\app_cafe_ambar\public\index.php(37): CodeIgniter\CodeIgniter->run()
#12 C:\xampp\htdocs\app_cafe_ambar\system\Commands\Server\rewrite.php(43): require_once('C:\\xampp\\htdocs...')
#13 {main}
CRITICAL - 2022-03-01 19:53:48 --> Invalid file: layouts/component/sidebar.php
#0 C:\xampp\htdocs\app_cafe_ambar\system\View\View.php(198): CodeIgniter\Exceptions\FrameworkException::forInvalidFile('layouts/compone...')
#1 C:\xampp\htdocs\app_cafe_ambar\system\View\View.php(424): CodeIgniter\View\View->render('layouts/compone...', NULL, true)
#2 C:\xampp\htdocs\app_cafe_ambar\app\Views\layout\admin.php(30): CodeIgniter\View\View->include('layouts/compone...')
#3 C:\xampp\htdocs\app_cafe_ambar\system\View\View.php(210): include('C:\\xampp\\htdocs...')
#4 C:\xampp\htdocs\app_cafe_ambar\system\View\View.php(213): CodeIgniter\View\View->CodeIgniter\View\{closure}()
#5 C:\xampp\htdocs\app_cafe_ambar\system\View\View.php(226): CodeIgniter\View\View->render('layout/admin', Array, true)
#6 C:\xampp\htdocs\app_cafe_ambar\system\Common.php(1089): CodeIgniter\View\View->render('menu', Array, true)
#7 C:\xampp\htdocs\app_cafe_ambar\app\Controllers\MenuController.php(26): view('menu', Array)
#8 C:\xampp\htdocs\app_cafe_ambar\system\CodeIgniter.php(825): App\Controllers\MenuController->tampil()
#9 C:\xampp\htdocs\app_cafe_ambar\system\CodeIgniter.php(412): CodeIgniter\CodeIgniter->runController(Object(App\Controllers\MenuController))
#10 C:\xampp\htdocs\app_cafe_ambar\system\CodeIgniter.php(320): CodeIgniter\CodeIgniter->handleRequest(NULL, Object(Config\Cache), false)
#11 C:\xampp\htdocs\app_cafe_ambar\public\index.php(37): CodeIgniter\CodeIgniter->run()
#12 C:\xampp\htdocs\app_cafe_ambar\system\Commands\Server\rewrite.php(43): require_once('C:\\xampp\\htdocs...')
#13 {main}
CRITICAL - 2022-03-01 20:01:37 --> Invalid file: layouts/component/sidebar.php
#0 C:\xampp\htdocs\app_cafe_ambar\system\View\View.php(198): CodeIgniter\Exceptions\FrameworkException::forInvalidFile('layouts/compone...')
#1 C:\xampp\htdocs\app_cafe_ambar\system\View\View.php(424): CodeIgniter\View\View->render('layouts/compone...', NULL, true)
#2 C:\xampp\htdocs\app_cafe_ambar\app\Views\layout\admin.php(30): CodeIgniter\View\View->include('layouts/compone...')
#3 C:\xampp\htdocs\app_cafe_ambar\system\View\View.php(210): include('C:\\xampp\\htdocs...')
#4 C:\xampp\htdocs\app_cafe_ambar\system\View\View.php(213): CodeIgniter\View\View->CodeIgniter\View\{closure}()
#5 C:\xampp\htdocs\app_cafe_ambar\system\View\View.php(226): CodeIgniter\View\View->render('layout/admin', Array, true)
#6 C:\xampp\htdocs\app_cafe_ambar\system\Common.php(1089): CodeIgniter\View\View->render('menu', Array, true)
#7 C:\xampp\htdocs\app_cafe_ambar\app\Controllers\MenuController.php(26): view('menu', Array)
#8 C:\xampp\htdocs\app_cafe_ambar\system\CodeIgniter.php(825): App\Controllers\MenuController->tampil()
#9 C:\xampp\htdocs\app_cafe_ambar\system\CodeIgniter.php(412): CodeIgniter\CodeIgniter->runController(Object(App\Controllers\MenuController))
#10 C:\xampp\htdocs\app_cafe_ambar\system\CodeIgniter.php(320): CodeIgniter\CodeIgniter->handleRequest(NULL, Object(Config\Cache), false)
#11 C:\xampp\htdocs\app_cafe_ambar\public\index.php(37): CodeIgniter\CodeIgniter->run()
#12 C:\xampp\htdocs\app_cafe_ambar\system\Commands\Server\rewrite.php(43): require_once('C:\\xampp\\htdocs...')
#13 {main}
CRITICAL - 2022-03-01 20:01:42 --> Invalid file: layouts/component/sidebar.php
#0 C:\xampp\htdocs\app_cafe_ambar\system\View\View.php(198): CodeIgniter\Exceptions\FrameworkException::forInvalidFile('layouts/compone...')
#1 C:\xampp\htdocs\app_cafe_ambar\system\View\View.php(424): CodeIgniter\View\View->render('layouts/compone...', NULL, true)
#2 C:\xampp\htdocs\app_cafe_ambar\app\Views\layout\admin.php(30): CodeIgniter\View\View->include('layouts/compone...')
#3 C:\xampp\htdocs\app_cafe_ambar\system\View\View.php(210): include('C:\\xampp\\htdocs...')
#4 C:\xampp\htdocs\app_cafe_ambar\system\View\View.php(213): CodeIgniter\View\View->CodeIgniter\View\{closure}()
#5 C:\xampp\htdocs\app_cafe_ambar\system\View\View.php(226): CodeIgniter\View\View->render('layout/admin', Array, true)
#6 C:\xampp\htdocs\app_cafe_ambar\system\Common.php(1089): CodeIgniter\View\View->render('user', Array, true)
#7 C:\xampp\htdocs\app_cafe_ambar\app\Controllers\UserController.php(25): view('user', Array)
#8 C:\xampp\htdocs\app_cafe_ambar\system\CodeIgniter.php(825): App\Controllers\UserController->tampil()
#9 C:\xampp\htdocs\app_cafe_ambar\system\CodeIgniter.php(412): CodeIgniter\CodeIgniter->runController(Object(App\Controllers\UserController))
#10 C:\xampp\htdocs\app_cafe_ambar\system\CodeIgniter.php(320): CodeIgniter\CodeIgniter->handleRequest(NULL, Object(Config\Cache), false)
#11 C:\xampp\htdocs\app_cafe_ambar\public\index.php(37): CodeIgniter\CodeIgniter->run()
#12 C:\xampp\htdocs\app_cafe_ambar\system\Commands\Server\rewrite.php(43): require_once('C:\\xampp\\htdocs...')
#13 {main}
CRITICAL - 2022-03-01 20:01:45 --> Invalid file: layouts/component/sidebar.php
#0 C:\xampp\htdocs\app_cafe_ambar\system\View\View.php(198): CodeIgniter\Exceptions\FrameworkException::forInvalidFile('layouts/compone...')
#1 C:\xampp\htdocs\app_cafe_ambar\system\View\View.php(424): CodeIgniter\View\View->render('layouts/compone...', NULL, true)
#2 C:\xampp\htdocs\app_cafe_ambar\app\Views\layout\admin.php(30): CodeIgniter\View\View->include('layouts/compone...')
#3 C:\xampp\htdocs\app_cafe_ambar\system\View\View.php(210): include('C:\\xampp\\htdocs...')
#4 C:\xampp\htdocs\app_cafe_ambar\system\View\View.php(213): CodeIgniter\View\View->CodeIgniter\View\{closure}()
#5 C:\xampp\htdocs\app_cafe_ambar\system\View\View.php(226): CodeIgniter\View\View->render('layout/admin', Array, true)
#6 C:\xampp\htdocs\app_cafe_ambar\system\Common.php(1089): CodeIgniter\View\View->render('dashboard', Array, true)
#7 C:\xampp\htdocs\app_cafe_ambar\app\Controllers\Home.php(13): view('dashboard')
#8 C:\xampp\htdocs\app_cafe_ambar\system\CodeIgniter.php(825): App\Controllers\Home->dashboard()
#9 C:\xampp\htdocs\app_cafe_ambar\system\CodeIgniter.php(412): CodeIgniter\CodeIgniter->runController(Object(App\Controllers\Home))
#10 C:\xampp\htdocs\app_cafe_ambar\system\CodeIgniter.php(320): CodeIgniter\CodeIgniter->handleRequest(NULL, Object(Config\Cache), false)
#11 C:\xampp\htdocs\app_cafe_ambar\public\index.php(37): CodeIgniter\CodeIgniter->run()
#12 C:\xampp\htdocs\app_cafe_ambar\system\Commands\Server\rewrite.php(43): require_once('C:\\xampp\\htdocs...')
#13 {main}
CRITICAL - 2022-03-01 20:01:47 --> Invalid file: layouts/component/sidebar.php
#0 C:\xampp\htdocs\app_cafe_ambar\system\View\View.php(198): CodeIgniter\Exceptions\FrameworkException::forInvalidFile('layouts/compone...')
#1 C:\xampp\htdocs\app_cafe_ambar\system\View\View.php(424): CodeIgniter\View\View->render('layouts/compone...', NULL, true)
#2 C:\xampp\htdocs\app_cafe_ambar\app\Views\layout\admin.php(30): CodeIgniter\View\View->include('layouts/compone...')
#3 C:\xampp\htdocs\app_cafe_ambar\system\View\View.php(210): include('C:\\xampp\\htdocs...')
#4 C:\xampp\htdocs\app_cafe_ambar\system\View\View.php(213): CodeIgniter\View\View->CodeIgniter\View\{closure}()
#5 C:\xampp\htdocs\app_cafe_ambar\system\View\View.php(226): CodeIgniter\View\View->render('layout/admin', Array, true)
#6 C:\xampp\htdocs\app_cafe_ambar\system\Common.php(1089): CodeIgniter\View\View->render('dashboard', Array, true)
#7 C:\xampp\htdocs\app_cafe_ambar\app\Controllers\Home.php(13): view('dashboard')
#8 C:\xampp\htdocs\app_cafe_ambar\system\CodeIgniter.php(825): App\Controllers\Home->dashboard()
#9 C:\xampp\htdocs\app_cafe_ambar\system\CodeIgniter.php(412): CodeIgniter\CodeIgniter->runController(Object(App\Controllers\Home))
#10 C:\xampp\htdocs\app_cafe_ambar\system\CodeIgniter.php(320): CodeIgniter\CodeIgniter->handleRequest(NULL, Object(Config\Cache), false)
#11 C:\xampp\htdocs\app_cafe_ambar\public\index.php(37): CodeIgniter\CodeIgniter->run()
#12 C:\xampp\htdocs\app_cafe_ambar\system\Commands\Server\rewrite.php(43): require_once('C:\\xampp\\htdocs...')
#13 {main}
CRITICAL - 2022-03-01 20:05:33 --> Invalid file: layouts/component/sidebar.php
#0 C:\xampp\htdocs\app_cafe_ambar\system\View\View.php(198): CodeIgniter\Exceptions\FrameworkException::forInvalidFile('layouts/compone...')
#1 C:\xampp\htdocs\app_cafe_ambar\system\View\View.php(424): CodeIgniter\View\View->render('layouts/compone...', NULL, true)
#2 C:\xampp\htdocs\app_cafe_ambar\app\Views\layout\admin.php(30): CodeIgniter\View\View->include('layouts/compone...')
#3 C:\xampp\htdocs\app_cafe_ambar\system\View\View.php(210): include('C:\\xampp\\htdocs...')
#4 C:\xampp\htdocs\app_cafe_ambar\system\View\View.php(213): CodeIgniter\View\View->CodeIgniter\View\{closure}()
#5 C:\xampp\htdocs\app_cafe_ambar\system\View\View.php(226): CodeIgniter\View\View->render('layout/admin', Array, true)
#6 C:\xampp\htdocs\app_cafe_ambar\system\Common.php(1089): CodeIgniter\View\View->render('dashboard', Array, true)
#7 C:\xampp\htdocs\app_cafe_ambar\app\Controllers\Home.php(13): view('dashboard')
#8 C:\xampp\htdocs\app_cafe_ambar\system\CodeIgniter.php(825): App\Controllers\Home->dashboard()
#9 C:\xampp\htdocs\app_cafe_ambar\system\CodeIgniter.php(412): CodeIgniter\CodeIgniter->runController(Object(App\Controllers\Home))
#10 C:\xampp\htdocs\app_cafe_ambar\system\CodeIgniter.php(320): CodeIgniter\CodeIgniter->handleRequest(NULL, Object(Config\Cache), false)
#11 C:\xampp\htdocs\app_cafe_ambar\public\index.php(37): CodeIgniter\CodeIgniter->run()
#12 C:\xampp\htdocs\app_cafe_ambar\system\Commands\Server\rewrite.php(43): require_once('C:\\xampp\\htdocs...')
#13 {main}
CRITICAL - 2022-03-01 20:05:46 --> Invalid file: layouts/component/sidebar.php
#0 C:\xampp\htdocs\app_cafe_ambar\system\View\View.php(198): CodeIgniter\Exceptions\FrameworkException::forInvalidFile('layouts/compone...')
#1 C:\xampp\htdocs\app_cafe_ambar\system\View\View.php(424): CodeIgniter\View\View->render('layouts/compone...', NULL, true)
#2 C:\xampp\htdocs\app_cafe_ambar\app\Views\layout\admin.php(30): CodeIgniter\View\View->include('layouts/compone...')
#3 C:\xampp\htdocs\app_cafe_ambar\system\View\View.php(210): include('C:\\xampp\\htdocs...')
#4 C:\xampp\htdocs\app_cafe_ambar\system\View\View.php(213): CodeIgniter\View\View->CodeIgniter\View\{closure}()
#5 C:\xampp\htdocs\app_cafe_ambar\system\View\View.php(226): CodeIgniter\View\View->render('layout/admin', Array, true)
#6 C:\xampp\htdocs\app_cafe_ambar\system\Common.php(1089): CodeIgniter\View\View->render('dashboard', Array, true)
#7 C:\xampp\htdocs\app_cafe_ambar\app\Controllers\Home.php(13): view('dashboard')
#8 C:\xampp\htdocs\app_cafe_ambar\system\CodeIgniter.php(825): App\Controllers\Home->dashboard()
#9 C:\xampp\htdocs\app_cafe_ambar\system\CodeIgniter.php(412): CodeIgniter\CodeIgniter->runController(Object(App\Controllers\Home))
#10 C:\xampp\htdocs\app_cafe_ambar\system\CodeIgniter.php(320): CodeIgniter\CodeIgniter->handleRequest(NULL, Object(Config\Cache), false)
#11 C:\xampp\htdocs\app_cafe_ambar\public\index.php(37): CodeIgniter\CodeIgniter->run()
#12 C:\xampp\htdocs\app_cafe_ambar\system\Commands\Server\rewrite.php(43): require_once('C:\\xampp\\htdocs...')
#13 {main}
CRITICAL - 2022-03-01 20:07:21 --> Invalid file: layouts/component/sidebar.php
#0 C:\xampp\htdocs\app_cafe_ambar\system\View\View.php(198): CodeIgniter\Exceptions\FrameworkException::forInvalidFile('layouts/compone...')
#1 C:\xampp\htdocs\app_cafe_ambar\system\View\View.php(424): CodeIgniter\View\View->render('layouts/compone...', NULL, true)
#2 C:\xampp\htdocs\app_cafe_ambar\app\Views\layout\admin.php(30): CodeIgniter\View\View->include('layouts/compone...')
#3 C:\xampp\htdocs\app_cafe_ambar\system\View\View.php(210): include('C:\\xampp\\htdocs...')
#4 C:\xampp\htdocs\app_cafe_ambar\system\View\View.php(213): CodeIgniter\View\View->CodeIgniter\View\{closure}()
#5 C:\xampp\htdocs\app_cafe_ambar\system\View\View.php(226): CodeIgniter\View\View->render('layout/admin', Array, true)
#6 C:\xampp\htdocs\app_cafe_ambar\system\Common.php(1089): CodeIgniter\View\View->render('dashboard', Array, true)
#7 C:\xampp\htdocs\app_cafe_ambar\app\Controllers\Home.php(13): view('dashboard')
#8 C:\xampp\htdocs\app_cafe_ambar\system\CodeIgniter.php(825): App\Controllers\Home->dashboard()
#9 C:\xampp\htdocs\app_cafe_ambar\system\CodeIgniter.php(412): CodeIgniter\CodeIgniter->runController(Object(App\Controllers\Home))
#10 C:\xampp\htdocs\app_cafe_ambar\system\CodeIgniter.php(320): CodeIgniter\CodeIgniter->handleRequest(NULL, Object(Config\Cache), false)
#11 C:\xampp\htdocs\app_cafe_ambar\public\index.php(37): CodeIgniter\CodeIgniter->run()
#12 C:\xampp\htdocs\app_cafe_ambar\system\Commands\Server\rewrite.php(43): require_once('C:\\xampp\\htdocs...')
#13 {main}
ERROR - 2022-03-01 20:07:24 --> Error connecting to the database: Unknown database 'app_cafe_ambar'
CRITICAL - 2022-03-01 20:07:24 --> Unable to connect to the database.
Main connection [MySQLi]: Unknown database 'app_cafe_ambar'
#0 C:\xampp\htdocs\app_cafe_ambar\system\Database\BaseConnection.php(577): CodeIgniter\Database\BaseConnection->initialize()
#1 C:\xampp\htdocs\app_cafe_ambar\system\Database\BaseBuilder.php(1455): CodeIgniter\Database\BaseConnection->query('SELECT *\nFROM `...', Array, false)
#2 C:\xampp\htdocs\app_cafe_ambar\system\Model.php(183): CodeIgniter\Database\BaseBuilder->get()
#3 C:\xampp\htdocs\app_cafe_ambar\system\BaseModel.php(584): CodeIgniter\Model->doFindAll(0, 0)
#4 C:\xampp\htdocs\app_cafe_ambar\app\Controllers\UserController.php(24): CodeIgniter\BaseModel->findAll()
#5 C:\xampp\htdocs\app_cafe_ambar\system\CodeIgniter.php(825): App\Controllers\UserController->tampil()
#6 C:\xampp\htdocs\app_cafe_ambar\system\CodeIgniter.php(412): CodeIgniter\CodeIgniter->runController(Object(App\Controllers\UserController))
#7 C:\xampp\htdocs\app_cafe_ambar\system\CodeIgniter.php(320): CodeIgniter\CodeIgniter->handleRequest(NULL, Object(Config\Cache), false)
#8 C:\xampp\htdocs\app_cafe_ambar\public\index.php(37): CodeIgniter\CodeIgniter->run()
#9 C:\xampp\htdocs\app_cafe_ambar\system\Commands\Server\rewrite.php(43): require_once('C:\\xampp\\htdocs...')
#10 {main}
ERROR - 2022-03-01 20:08:32 --> Error connecting to the database: Unknown database 'app_cafe_ambar'
CRITICAL - 2022-03-01 20:08:32 --> Unable to connect to the database.
Main connection [MySQLi]: Unknown database 'app_cafe_ambar'
#0 C:\xampp\htdocs\app_cafe_ambar\system\Database\BaseConnection.php(577): CodeIgniter\Database\BaseConnection->initialize()
#1 C:\xampp\htdocs\app_cafe_ambar\system\Database\BaseBuilder.php(1455): CodeIgniter\Database\BaseConnection->query('SELECT *\nFROM `...', Array, false)
#2 C:\xampp\htdocs\app_cafe_ambar\system\Model.php(183): CodeIgniter\Database\BaseBuilder->get()
#3 C:\xampp\htdocs\app_cafe_ambar\system\BaseModel.php(584): CodeIgniter\Model->doFindAll(0, 0)
#4 C:\xampp\htdocs\app_cafe_ambar\app\Controllers\UserController.php(24): CodeIgniter\BaseModel->findAll()
#5 C:\xampp\htdocs\app_cafe_ambar\system\CodeIgniter.php(825): App\Controllers\UserController->tampil()
#6 C:\xampp\htdocs\app_cafe_ambar\system\CodeIgniter.php(412): CodeIgniter\CodeIgniter->runController(Object(App\Controllers\UserController))
#7 C:\xampp\htdocs\app_cafe_ambar\system\CodeIgniter.php(320): CodeIgniter\CodeIgniter->handleRequest(NULL, Object(Config\Cache), false)
#8 C:\xampp\htdocs\app_cafe_ambar\public\index.php(37): CodeIgniter\CodeIgniter->run()
#9 C:\xampp\htdocs\app_cafe_ambar\system\Commands\Server\rewrite.php(43): require_once('C:\\xampp\\htdocs...')
#10 {main}
CRITICAL - 2022-03-01 20:09:14 --> Invalid file: layouts/component/sidebar.php
#0 C:\xampp\htdocs\app_cafe_ambar\system\View\View.php(198): CodeIgniter\Exceptions\FrameworkException::forInvalidFile('layouts/compone...')
#1 C:\xampp\htdocs\app_cafe_ambar\system\View\View.php(424): CodeIgniter\View\View->render('layouts/compone...', NULL, true)
#2 C:\xampp\htdocs\app_cafe_ambar\app\Views\layout\admin.php(30): CodeIgniter\View\View->include('layouts/compone...')
#3 C:\xampp\htdocs\app_cafe_ambar\system\View\View.php(210): include('C:\\xampp\\htdocs...')
#4 C:\xampp\htdocs\app_cafe_ambar\system\View\View.php(213): CodeIgniter\View\View->CodeIgniter\View\{closure}()
#5 C:\xampp\htdocs\app_cafe_ambar\system\View\View.php(226): CodeIgniter\View\View->render('layout/admin', Array, true)
#6 C:\xampp\htdocs\app_cafe_ambar\system\Common.php(1089): CodeIgniter\View\View->render('user', Array, true)
#7 C:\xampp\htdocs\app_cafe_ambar\app\Controllers\UserController.php(25): view('user', Array)
#8 C:\xampp\htdocs\app_cafe_ambar\system\CodeIgniter.php(825): App\Controllers\UserController->tampil()
#9 C:\xampp\htdocs\app_cafe_ambar\system\CodeIgniter.php(412): CodeIgniter\CodeIgniter->runController(Object(App\Controllers\UserController))
#10 C:\xampp\htdocs\app_cafe_ambar\system\CodeIgniter.php(320): CodeIgniter\CodeIgniter->handleRequest(NULL, Object(Config\Cache), false)
#11 C:\xampp\htdocs\app_cafe_ambar\public\index.php(37): CodeIgniter\CodeIgniter->run()
#12 C:\xampp\htdocs\app_cafe_ambar\system\Commands\Server\rewrite.php(43): require_once('C:\\xampp\\htdocs...')
#13 {main}
CRITICAL - 2022-03-01 20:26:53 --> Invalid file: layout/compponents/sidebar.php
#0 C:\xampp\htdocs\app_cafe_ambar\system\View\View.php(198): CodeIgniter\Exceptions\FrameworkException::forInvalidFile('layout/comppone...')
#1 C:\xampp\htdocs\app_cafe_ambar\system\View\View.php(424): CodeIgniter\View\View->render('layout/comppone...', NULL, true)
#2 C:\xampp\htdocs\app_cafe_ambar\app\Views\layout\admin.php(29): CodeIgniter\View\View->include('layout/comppone...')
#3 C:\xampp\htdocs\app_cafe_ambar\system\View\View.php(210): include('C:\\xampp\\htdocs...')
#4 C:\xampp\htdocs\app_cafe_ambar\system\View\View.php(213): CodeIgniter\View\View->CodeIgniter\View\{closure}()
#5 C:\xampp\htdocs\app_cafe_ambar\system\View\View.php(226): CodeIgniter\View\View->render('layout/admin', Array, true)
#6 C:\xampp\htdocs\app_cafe_ambar\system\Common.php(1089): CodeIgniter\View\View->render('dashboard', Array, true)
#7 C:\xampp\htdocs\app_cafe_ambar\app\Controllers\Home.php(13): view('dashboard')
#8 C:\xampp\htdocs\app_cafe_ambar\system\CodeIgniter.php(825): App\Controllers\Home->dashboard()
#9 C:\xampp\htdocs\app_cafe_ambar\system\CodeIgniter.php(412): CodeIgniter\CodeIgniter->runController(Object(App\Controllers\Home))
#10 C:\xampp\htdocs\app_cafe_ambar\system\CodeIgniter.php(320): CodeIgniter\CodeIgniter->handleRequest(NULL, Object(Config\Cache), false)
#11 C:\xampp\htdocs\app_cafe_ambar\public\index.php(37): CodeIgniter\CodeIgniter->run()
#12 C:\xampp\htdocs\app_cafe_ambar\system\Commands\Server\rewrite.php(43): require_once('C:\\xampp\\htdocs...')
#13 {main}
CRITICAL - 2022-03-01 20:27:56 --> Invalid file: layout/admin.php
#0 C:\xampp\htdocs\app_cafe_ambar\system\View\View.php(198): CodeIgniter\Exceptions\FrameworkException::forInvalidFile('layout/admin.ph...')
#1 C:\xampp\htdocs\app_cafe_ambar\system\View\View.php(226): CodeIgniter\View\View->render('layout/admin', Array, true)
#2 C:\xampp\htdocs\app_cafe_ambar\system\Common.php(1089): CodeIgniter\View\View->render('dashboard', Array, true)
#3 C:\xampp\htdocs\app_cafe_ambar\app\Controllers\Home.php(13): view('dashboard')
#4 C:\xampp\htdocs\app_cafe_ambar\system\CodeIgniter.php(825): App\Controllers\Home->dashboard()
#5 C:\xampp\htdocs\app_cafe_ambar\system\CodeIgniter.php(412): CodeIgniter\CodeIgniter->runController(Object(App\Controllers\Home))
#6 C:\xampp\htdocs\app_cafe_ambar\system\CodeIgniter.php(320): CodeIgniter\CodeIgniter->handleRequest(NULL, Object(Config\Cache), false)
#7 C:\xampp\htdocs\app_cafe_ambar\public\index.php(37): CodeIgniter\CodeIgniter->run()
#8 C:\xampp\htdocs\app_cafe_ambar\system\Commands\Server\rewrite.php(43): require_once('C:\\xampp\\htdocs...')
#9 {main}
CRITICAL - 2022-03-01 20:29:32 --> Invalid file: layouts/compponents/sidebar.php
#0 C:\xampp\htdocs\app_cafe_ambar\system\View\View.php(198): CodeIgniter\Exceptions\FrameworkException::forInvalidFile('layouts/comppon...')
#1 C:\xampp\htdocs\app_cafe_ambar\system\View\View.php(424): CodeIgniter\View\View->render('layouts/comppon...', NULL, true)
#2 C:\xampp\htdocs\app_cafe_ambar\app\Views\layouts\admin.php(29): CodeIgniter\View\View->include('layouts/comppon...')
#3 C:\xampp\htdocs\app_cafe_ambar\system\View\View.php(210): include('C:\\xampp\\htdocs...')
#4 C:\xampp\htdocs\app_cafe_ambar\system\View\View.php(213): CodeIgniter\View\View->CodeIgniter\View\{closure}()
#5 C:\xampp\htdocs\app_cafe_ambar\system\View\View.php(226): CodeIgniter\View\View->render('layouts/admin', Array, true)
#6 C:\xampp\htdocs\app_cafe_ambar\system\Common.php(1089): CodeIgniter\View\View->render('dashboard', Array, true)
#7 C:\xampp\htdocs\app_cafe_ambar\app\Controllers\Home.php(13): view('dashboard')
#8 C:\xampp\htdocs\app_cafe_ambar\system\CodeIgniter.php(825): App\Controllers\Home->dashboard()
#9 C:\xampp\htdocs\app_cafe_ambar\system\CodeIgniter.php(412): CodeIgniter\CodeIgniter->runController(Object(App\Controllers\Home))
#10 C:\xampp\htdocs\app_cafe_ambar\system\CodeIgniter.php(320): CodeIgniter\CodeIgniter->handleRequest(NULL, Object(Config\Cache), false)
#11 C:\xampp\htdocs\app_cafe_ambar\public\index.php(37): CodeIgniter\CodeIgniter->run()
#12 C:\xampp\htdocs\app_cafe_ambar\system\Commands\Server\rewrite.php(43): require_once('C:\\xampp\\htdocs...')
#13 {main}
ERROR - 2022-03-01 20:48:06 --> Unknown column 'id' in 'field list'
CRITICAL - 2022-03-01 20:48:06 --> Unknown column 'id' in 'field list'
#0 C:\xampp\htdocs\app_cafe_ambar\system\Database\MySQLi\Connection.php(292): mysqli->query('SELECT `id`, `n...', 0)
#1 C:\xampp\htdocs\app_cafe_ambar\system\Database\BaseConnection.php(670): CodeIgniter\Database\MySQLi\Connection->execute('SELECT `id`, `n...')
#2 C:\xampp\htdocs\app_cafe_ambar\system\Database\BaseConnection.php(598): CodeIgniter\Database\BaseConnection->simpleQuery('SELECT `id`, `n...')
#3 C:\xampp\htdocs\app_cafe_ambar\system\Database\BaseBuilder.php(1455): CodeIgniter\Database\BaseConnection->query('SELECT `id`, `n...', Array, false)
#4 C:\xampp\htdocs\app_cafe_ambar\system\Model.php(183): CodeIgniter\Database\BaseBuilder->get()
#5 C:\xampp\htdocs\app_cafe_ambar\system\BaseModel.php(584): CodeIgniter\Model->doFindAll(0, 0)
#6 C:\xampp\htdocs\app_cafe_ambar\app\Controllers\pesanController.php(31): CodeIgniter\BaseModel->findAll()
#7 C:\xampp\htdocs\app_cafe_ambar\system\CodeIgniter.php(825): App\Controllers\PesanController->index()
#8 C:\xampp\htdocs\app_cafe_ambar\system\CodeIgniter.php(412): CodeIgniter\CodeIgniter->runController(Object(App\Controllers\PesanController))
#9 C:\xampp\htdocs\app_cafe_ambar\system\CodeIgniter.php(320): CodeIgniter\CodeIgniter->handleRequest(NULL, Object(Config\Cache), false)
#10 C:\xampp\htdocs\app_cafe_ambar\public\index.php(37): CodeIgniter\CodeIgniter->run()
#11 C:\xampp\htdocs\app_cafe_ambar\system\Commands\Server\rewrite.php(43): require_once('C:\\xampp\\htdocs...')
#12 {main}
CRITICAL - 2022-03-01 20:55:55 --> Argument 2 passed to CodeIgniter\Model::insert() must be of the type bool, array given, called in C:\xampp\htdocs\app_cafe_ambar\app\Controllers\UserController.php on line 50
#0 C:\xampp\htdocs\app_cafe_ambar\app\Controllers\UserController.php(50): CodeIgniter\Model->insert('$i', Array)
#1 C:\xampp\htdocs\app_cafe_ambar\system\CodeIgniter.php(825): App\Controllers\UserController->edit('$i')
#2 C:\xampp\htdocs\app_cafe_ambar\system\CodeIgniter.php(412): CodeIgniter\CodeIgniter->runController(Object(App\Controllers\UserController))
#3 C:\xampp\htdocs\app_cafe_ambar\system\CodeIgniter.php(320): CodeIgniter\CodeIgniter->handleRequest(NULL, Object(Config\Cache), false)
#4 C:\xampp\htdocs\app_cafe_ambar\public\index.php(37): CodeIgniter\CodeIgniter->run()
#5 C:\xampp\htdocs\app_cafe_ambar\system\Commands\Server\rewrite.php(43): require_once('C:\\xampp\\htdocs...')
#6 {main}
CRITICAL - 2022-03-01 20:58:24 --> Argument 2 passed to CodeIgniter\Model::insert() must be of the type bool, array given, called in C:\xampp\htdocs\app_cafe_ambar\app\Controllers\UserController.php on line 50
#0 C:\xampp\htdocs\app_cafe_ambar\app\Controllers\UserController.php(50): CodeIgniter\Model->insert('$i', Array)
#1 C:\xampp\htdocs\app_cafe_ambar\system\CodeIgniter.php(825): App\Controllers\UserController->edit('$i')
#2 C:\xampp\htdocs\app_cafe_ambar\system\CodeIgniter.php(412): CodeIgniter\CodeIgniter->runController(Object(App\Controllers\UserController))
#3 C:\xampp\htdocs\app_cafe_ambar\system\CodeIgniter.php(320): CodeIgniter\CodeIgniter->handleRequest(NULL, Object(Config\Cache), false)
#4 C:\xampp\htdocs\app_cafe_ambar\public\index.php(37): CodeIgniter\CodeIgniter->run()
#5 C:\xampp\htdocs\app_cafe_ambar\system\Commands\Server\rewrite.php(43): require_once('C:\\xampp\\htdocs...')
#6 {main}
ERROR - 2022-03-01 21:33:40 --> Unknown column 'id' in 'field list'
CRITICAL - 2022-03-01 21:33:40 --> Unknown column 'id' in 'field list'
#0 C:\xampp\htdocs\app_cafe_ambar\system\Database\MySQLi\Connection.php(292): mysqli->query('SELECT `id`, `n...', 0)
#1 C:\xampp\htdocs\app_cafe_ambar\system\Database\BaseConnection.php(670): CodeIgniter\Database\MySQLi\Connection->execute('SELECT `id`, `n...')
#2 C:\xampp\htdocs\app_cafe_ambar\system\Database\BaseConnection.php(598): CodeIgniter\Database\BaseConnection->simpleQuery('SELECT `id`, `n...')
#3 C:\xampp\htdocs\app_cafe_ambar\system\Database\BaseBuilder.php(1455): CodeIgniter\Database\BaseConnection->query('SELECT `id`, `n...', Array, false)
#4 C:\xampp\htdocs\app_cafe_ambar\system\Model.php(183): CodeIgniter\Database\BaseBuilder->get()
#5 C:\xampp\htdocs\app_cafe_ambar\system\BaseModel.php(584): CodeIgniter\Model->doFindAll(0, 0)
#6 C:\xampp\htdocs\app_cafe_ambar\app\Controllers\pesanController.php(31): CodeIgniter\BaseModel->findAll()
#7 C:\xampp\htdocs\app_cafe_ambar\system\CodeIgniter.php(825): App\Controllers\PesanController->index()
#8 C:\xampp\htdocs\app_cafe_ambar\system\CodeIgniter.php(412): CodeIgniter\CodeIgniter->runController(Object(App\Controllers\PesanController))
#9 C:\xampp\htdocs\app_cafe_ambar\system\CodeIgniter.php(320): CodeIgniter\CodeIgniter->handleRequest(NULL, Object(Config\Cache), false)
#10 C:\xampp\htdocs\app_cafe_ambar\public\index.php(37): CodeIgniter\CodeIgniter->run()
#11 C:\xampp\htdocs\app_cafe_ambar\system\Commands\Server\rewrite.php(43): require_once('C:\\xampp\\htdocs...')
#12 {main}
CRITICAL - 2022-03-01 22:02:03 -->  route cannot be found while reverse-routing.
#0 C:\xampp\htdocs\app_cafe_ambar\system\HTTP\RedirectResponse.php(56): CodeIgniter\HTTP\Exceptions\HTTPException::forInvalidRedirectRoute('')
#1 C:\xampp\htdocs\app_cafe_ambar\system\Common.php(832): CodeIgniter\HTTP\RedirectResponse->route(false)
#2 C:\xampp\htdocs\app_cafe_ambar\app\Controllers\UserController.php(91): redirect('tb_user')
#3 C:\xampp\htdocs\app_cafe_ambar\system\CodeIgniter.php(825): App\Controllers\UserController->delete('$i')
#4 C:\xampp\htdocs\app_cafe_ambar\system\CodeIgniter.php(412): CodeIgniter\CodeIgniter->runController(Object(App\Controllers\UserController))
#5 C:\xampp\htdocs\app_cafe_ambar\system\CodeIgniter.php(320): CodeIgniter\CodeIgniter->handleRequest(NULL, Object(Config\Cache), false)
#6 C:\xampp\htdocs\app_cafe_ambar\public\index.php(37): CodeIgniter\CodeIgniter->run()
#7 C:\xampp\htdocs\app_cafe_ambar\system\Commands\Server\rewrite.php(43): require_once('C:\\xampp\\htdocs...')
#8 {main}
ERROR - 2022-03-01 22:36:02 --> Unknown column 'tb_menu.id' in 'where clause'
CRITICAL - 2022-03-01 22:36:02 --> Unknown column 'tb_menu.id' in 'where clause'
#0 C:\xampp\htdocs\app_cafe_ambar\system\Database\MySQLi\Connection.php(292): mysqli->query('UPDATE `tb_menu...', 0)
#1 C:\xampp\htdocs\app_cafe_ambar\system\Database\BaseConnection.php(670): CodeIgniter\Database\MySQLi\Connection->execute('UPDATE `tb_menu...')
#2 C:\xampp\htdocs\app_cafe_ambar\system\Database\BaseConnection.php(598): CodeIgniter\Database\BaseConnection->simpleQuery('UPDATE `tb_menu...')
#3 C:\xampp\htdocs\app_cafe_ambar\system\Database\BaseBuilder.php(1913): CodeIgniter\Database\BaseConnection->query('UPDATE `tb_menu...', Array, false)
#4 C:\xampp\htdocs\app_cafe_ambar\system\Model.php(298): CodeIgniter\Database\BaseBuilder->update()
#5 C:\xampp\htdocs\app_cafe_ambar\system\BaseModel.php(865): CodeIgniter\Model->doUpdate(Array, Array)
#6 C:\xampp\htdocs\app_cafe_ambar\system\Model.php(651): CodeIgniter\BaseModel->update(Array, Array)
#7 C:\xampp\htdocs\app_cafe_ambar\app\Controllers\MenuController.php(51): CodeIgniter\Model->update('$i', Array)
#8 C:\xampp\htdocs\app_cafe_ambar\system\CodeIgniter.php(825): App\Controllers\MenuController->edit('$i')
#9 C:\xampp\htdocs\app_cafe_ambar\system\CodeIgniter.php(412): CodeIgniter\CodeIgniter->runController(Object(App\Controllers\MenuController))
#10 C:\xampp\htdocs\app_cafe_ambar\system\CodeIgniter.php(320): CodeIgniter\CodeIgniter->handleRequest(NULL, Object(Config\Cache), false)
#11 C:\xampp\htdocs\app_cafe_ambar\public\index.php(37): CodeIgniter\CodeIgniter->run()
#12 C:\xampp\htdocs\app_cafe_ambar\system\Commands\Server\rewrite.php(43): require_once('C:\\xampp\\htdocs...')
#13 {main}
CRITICAL - 2022-03-01 22:40:26 --> Undefined index: id_menu
#0 C:\xampp\htdocs\app_cafe_ambar\app\Views\menu.php(38): CodeIgniter\Debug\Exceptions->errorHandler(8, 'Undefined index...', 'C:\\xampp\\htdocs...', 38, Array)
#1 C:\xampp\htdocs\app_cafe_ambar\system\View\View.php(210): include('C:\\xampp\\htdocs...')
#2 C:\xampp\htdocs\app_cafe_ambar\system\View\View.php(213): CodeIgniter\View\View->CodeIgniter\View\{closure}()
#3 C:\xampp\htdocs\app_cafe_ambar\system\Common.php(1089): CodeIgniter\View\View->render('menu', Array, true)
#4 C:\xampp\htdocs\app_cafe_ambar\app\Controllers\MenuController.php(26): view('menu', Array)
#5 C:\xampp\htdocs\app_cafe_ambar\system\CodeIgniter.php(825): App\Controllers\MenuController->tampil()
#6 C:\xampp\htdocs\app_cafe_ambar\system\CodeIgniter.php(412): CodeIgniter\CodeIgniter->runController(Object(App\Controllers\MenuController))
#7 C:\xampp\htdocs\app_cafe_ambar\system\CodeIgniter.php(320): CodeIgniter\CodeIgniter->handleRequest(NULL, Object(Config\Cache), false)
#8 C:\xampp\htdocs\app_cafe_ambar\public\index.php(37): CodeIgniter\CodeIgniter->run()
#9 C:\xampp\htdocs\app_cafe_ambar\system\Commands\Server\rewrite.php(43): require_once('C:\\xampp\\htdocs...')
#10 {main}
CRITICAL - 2022-03-01 22:41:45 --> Undefined index: id_menu
#0 C:\xampp\htdocs\app_cafe_ambar\app\Views\menu.php(49): CodeIgniter\Debug\Exceptions->errorHandler(8, 'Undefined index...', 'C:\\xampp\\htdocs...', 49, Array)
#1 C:\xampp\htdocs\app_cafe_ambar\system\View\View.php(210): include('C:\\xampp\\htdocs...')
#2 C:\xampp\htdocs\app_cafe_ambar\system\View\View.php(213): CodeIgniter\View\View->CodeIgniter\View\{closure}()
#3 C:\xampp\htdocs\app_cafe_ambar\system\Common.php(1089): CodeIgniter\View\View->render('menu', Array, true)
#4 C:\xampp\htdocs\app_cafe_ambar\app\Controllers\MenuController.php(26): view('menu', Array)
#5 C:\xampp\htdocs\app_cafe_ambar\system\CodeIgniter.php(825): App\Controllers\MenuController->tampil()
#6 C:\xampp\htdocs\app_cafe_ambar\system\CodeIgniter.php(412): CodeIgniter\CodeIgniter->runController(Object(App\Controllers\MenuController))
#7 C:\xampp\htdocs\app_cafe_ambar\system\CodeIgniter.php(320): CodeIgniter\CodeIgniter->handleRequest(NULL, Object(Config\Cache), false)
#8 C:\xampp\htdocs\app_cafe_ambar\public\index.php(37): CodeIgniter\CodeIgniter->run()
#9 C:\xampp\htdocs\app_cafe_ambar\system\Commands\Server\rewrite.php(43): require_once('C:\\xampp\\htdocs...')
#10 {main}
