CRITICAL - 2022-02-01 20:34:34 --> Call to undefined function getFlashdata()
#0 C:\xampp\htdocs\app_resto_ria\system\View\View.php(210): include()
#1 C:\xampp\htdocs\app_resto_ria\system\View\View.php(213): CodeIgniter\View\View->CodeIgniter\View\{closure}()
#2 C:\xampp\htdocs\app_resto_ria\system\Common.php(1089): CodeIgniter\View\View->render('user', Array, true)
#3 C:\xampp\htdocs\app_resto_ria\app\Controllers\UserController.php(12): view('user', Array)
#4 C:\xampp\htdocs\app_resto_ria\system\CodeIgniter.php(825): App\Controllers\UserController->tampil()
#5 C:\xampp\htdocs\app_resto_ria\system\CodeIgniter.php(412): CodeIgniter\CodeIgniter->runController(Object(App\Controllers\UserController))
#6 C:\xampp\htdocs\app_resto_ria\system\CodeIgniter.php(320): CodeIgniter\CodeIgniter->handleRequest(NULL, Object(Config\Cache), false)
#7 C:\xampp\htdocs\app_resto_ria\public\index.php(37): CodeIgniter\CodeIgniter->run()
#8 C:\xampp\htdocs\app_resto_ria\system\Commands\Server\rewrite.php(43): require_once('C:\\xampp\\htdocs...')
#9 {main}
CRITICAL - 2022-02-01 20:41:41 --> Undefined variable: data
#0 C:\xampp\htdocs\app_resto_ria\app\Views\user.php(26): CodeIgniter\Debug\Exceptions->errorHandler(8, 'Undefined varia...', 'C:\\xampp\\htdocs...', 26, Array)
#1 C:\xampp\htdocs\app_resto_ria\system\View\View.php(210): include('C:\\xampp\\htdocs...')
#2 C:\xampp\htdocs\app_resto_ria\system\View\View.php(213): CodeIgniter\View\View->CodeIgniter\View\{closure}()
#3 C:\xampp\htdocs\app_resto_ria\system\Common.php(1089): CodeIgniter\View\View->render('user', Array, true)
#4 C:\xampp\htdocs\app_resto_ria\app\Controllers\UserController.php(12): view('user', Array)
#5 C:\xampp\htdocs\app_resto_ria\system\CodeIgniter.php(825): App\Controllers\UserController->tampil()
#6 C:\xampp\htdocs\app_resto_ria\system\CodeIgniter.php(412): CodeIgniter\CodeIgniter->runController(Object(App\Controllers\UserController))
#7 C:\xampp\htdocs\app_resto_ria\system\CodeIgniter.php(320): CodeIgniter\CodeIgniter->handleRequest(NULL, Object(Config\Cache), false)
#8 C:\xampp\htdocs\app_resto_ria\public\index.php(37): CodeIgniter\CodeIgniter->run()
#9 C:\xampp\htdocs\app_resto_ria\system\Commands\Server\rewrite.php(43): require_once('C:\\xampp\\htdocs...')
#10 {main}
